22/09/27 15:00:27 INFO ProgressReporter$: Added result fetcher for 1619342073169445481_8087567138506974152_4504cfc2546047b89564c98a8cda32e8
22/09/27 15:00:27 INFO ProgressReporter$: Removed result fetcher for 1619342073169445481_8087567138506974152_4504cfc2546047b89564c98a8cda32e8
22/09/27 15:00:51 INFO ProgressReporter$: Added result fetcher for 1619342073169445481_5604850948559491991_7d6ce5b576904ba783b70f17dd747815
22/09/27 15:00:52 INFO ProgressReporter$: Removed result fetcher for 1619342073169445481_5604850948559491991_7d6ce5b576904ba783b70f17dd747815
22/09/27 15:01:23 INFO ProgressReporter$: Added result fetcher for 1619342073169445481_5442921878335392808_a60c18e24cc2458fbed98f16e99bf5ac
22/09/27 15:01:23 INFO ProgressReporter$: Removed result fetcher for 1619342073169445481_5442921878335392808_a60c18e24cc2458fbed98f16e99bf5ac
22/09/27 15:01:35 INFO ProgressReporter$: Added result fetcher for 1619342073169445481_5228544056185419353_9a1a6ab618eb4db1aa0c49330317815d
22/09/27 15:01:35 INFO ProgressReporter$: Removed result fetcher for 1619342073169445481_5228544056185419353_9a1a6ab618eb4db1aa0c49330317815d
22/09/27 15:03:48 INFO HiveMetaStore: 2: get_database: default
22/09/27 15:03:48 INFO audit: ugi=root	ip=unknown-ip-addr	cmd=get_database: default	
22/09/27 15:03:48 INFO DriverCorral: Metastore health check ok
22/09/27 15:03:48 INFO DriverCorral: DBFS health check ok
22/09/27 15:06:34 INFO ProgressReporter$: Added result fetcher for 1619342073169445481_6352152856940599221_f5ebbec4912e4c6ea8185c2d4dea196e
22/09/27 15:06:34 INFO ProgressReporter$: Removed result fetcher for 1619342073169445481_6352152856940599221_f5ebbec4912e4c6ea8185c2d4dea196e
22/09/27 15:06:47 INFO ProgressReporter$: Added result fetcher for 1619342073169445481_8210957363587951465_e6a8d0c25a964c79993d94f13e385ee2
22/09/27 15:06:47 INFO ProgressReporter$: Removed result fetcher for 1619342073169445481_8210957363587951465_e6a8d0c25a964c79993d94f13e385ee2
22/09/27 15:07:40 INFO ProgressReporter$: Added result fetcher for 1619342073169445481_8650763222142572502_d59bd7afc1b5499991c8953c052d195b
22/09/27 15:07:40 INFO ProgressReporter$: Removed result fetcher for 1619342073169445481_8650763222142572502_d59bd7afc1b5499991c8953c052d195b
22/09/27 15:07:50 INFO ProgressReporter$: Added result fetcher for 1619342073169445481_8925891599477507465_6c58e024b0ba46c6b634588498fe2a7f
22/09/27 15:07:50 INFO ProgressReporter$: Removed result fetcher for 1619342073169445481_8925891599477507465_6c58e024b0ba46c6b634588498fe2a7f
22/09/27 15:07:59 INFO ProgressReporter$: Added result fetcher for 1619342073169445481_5099899733560531369_a0c04f37288b4e86bb196e9562720af3
22/09/27 15:07:59 INFO ProgressReporter$: Removed result fetcher for 1619342073169445481_5099899733560531369_a0c04f37288b4e86bb196e9562720af3
22/09/27 15:08:48 INFO DriverCorral: DBFS health check ok
22/09/27 15:08:48 INFO HiveMetaStore: 2: get_database: default
22/09/27 15:08:48 INFO audit: ugi=root	ip=unknown-ip-addr	cmd=get_database: default	
22/09/27 15:08:48 INFO DriverCorral: Metastore health check ok
22/09/27 15:08:55 INFO ProgressReporter$: Added result fetcher for 1386166807757509980_8995903683473764313_57628ba5e48745509fb55f31d0b2827f
22/09/27 15:08:55 WARN SimpleFunctionRegistry: The function getargument replaced a previously registered function.
22/09/27 15:08:55 ERROR SQLDriverLocal: Error in SQL query: os.getcwd()
org.apache.spark.sql.catalyst.parser.ParseException: 
mismatched input 'os' expecting {'(', 'APPLY', 'CONVERT', 'COPY', 'OPTIMIZE', 'RESTORE', 'ADD', 'ALTER', 'ANALYZE', 'CACHE', 'CLEAR', 'COMMENT', 'COMMIT', 'CREATE', 'DELETE', 'DESC', 'DESCRIBE', 'DFS', 'DROP', 'EXPLAIN', 'EXPORT', 'FROM', 'GRANT', 'IMPORT', 'INSERT', 'LIST', 'LOAD', 'LOCK', 'MAP', 'MERGE', 'MSCK', 'REDUCE', 'REFRESH', 'REPLACE', 'RESET', 'REVOKE', 'ROLLBACK', 'SELECT', 'SET', 'SHOW', 'START', 'SYNC', 'TABLE', 'TRUNCATE', 'UNCACHE', 'UNLOCK', 'UPDATE', 'USE', 'VALUES', 'WITH'}(line 1, pos 0)

== SQL ==
os.getcwd()
^^^

	at org.apache.spark.sql.catalyst.parser.ParseException.withCommand(ParseDriver.scala:298)
	at org.apache.spark.sql.catalyst.parser.AbstractSqlParser.parse(ParseDriver.scala:159)
	at org.apache.spark.sql.execution.SparkSqlParser.parse(SparkSqlParser.scala:88)
	at org.apache.spark.sql.catalyst.parser.AbstractSqlParser.parsePlan(ParseDriver.scala:106)
	at com.databricks.sql.parser.DatabricksSqlParser.$anonfun$parsePlan$1(DatabricksSqlParser.scala:77)
	at com.databricks.sql.parser.DatabricksSqlParser.parse(DatabricksSqlParser.scala:97)
	at com.databricks.sql.parser.DatabricksSqlParser.parsePlan(DatabricksSqlParser.scala:74)
	at org.apache.spark.sql.SparkSession.$anonfun$sql$2(SparkSession.scala:801)
	at com.databricks.spark.util.FrameProfiler$.record(FrameProfiler.scala:80)
	at org.apache.spark.sql.catalyst.QueryPlanningTracker.measurePhase(QueryPlanningTracker.scala:151)
	at org.apache.spark.sql.SparkSession.$anonfun$sql$1(SparkSession.scala:801)
	at org.apache.spark.sql.SparkSession.withActive(SparkSession.scala:968)
	at org.apache.spark.sql.SparkSession.sql(SparkSession.scala:798)
	at org.apache.spark.sql.SQLContext.sql(SQLContext.scala:695)
	at com.databricks.backend.daemon.driver.SQLDriverLocal.$anonfun$executeSql$1(SQLDriverLocal.scala:91)
	at scala.collection.immutable.List.map(List.scala:293)
	at com.databricks.backend.daemon.driver.SQLDriverLocal.executeSql(SQLDriverLocal.scala:37)
	at com.databricks.backend.daemon.driver.SQLDriverLocal.repl(SQLDriverLocal.scala:145)
	at com.databricks.backend.daemon.driver.DriverLocal.$anonfun$execute$12(DriverLocal.scala:631)
	at com.databricks.logging.Log4jUsageLoggingShim$.$anonfun$withAttributionContext$1(Log4jUsageLoggingShim.scala:33)
	at scala.util.DynamicVariable.withValue(DynamicVariable.scala:62)
	at com.databricks.logging.AttributionContext$.withValue(AttributionContext.scala:94)
	at com.databricks.logging.Log4jUsageLoggingShim$.withAttributionContext(Log4jUsageLoggingShim.scala:31)
	at com.databricks.logging.UsageLogging.withAttributionContext(UsageLogging.scala:205)
	at com.databricks.logging.UsageLogging.withAttributionContext$(UsageLogging.scala:204)
	at com.databricks.backend.daemon.driver.DriverLocal.withAttributionContext(DriverLocal.scala:59)
	at com.databricks.logging.UsageLogging.withAttributionTags(UsageLogging.scala:240)
	at com.databricks.logging.UsageLogging.withAttributionTags$(UsageLogging.scala:225)
	at com.databricks.backend.daemon.driver.DriverLocal.withAttributionTags(DriverLocal.scala:59)
	at com.databricks.backend.daemon.driver.DriverLocal.execute(DriverLocal.scala:608)
	at com.databricks.backend.daemon.driver.DriverWrapper.$anonfun$tryExecutingCommand$1(DriverWrapper.scala:615)
	at scala.util.Try$.apply(Try.scala:213)
	at com.databricks.backend.daemon.driver.DriverWrapper.tryExecutingCommand(DriverWrapper.scala:607)
	at com.databricks.backend.daemon.driver.DriverWrapper.executeCommandAndGetError(DriverWrapper.scala:526)
	at com.databricks.backend.daemon.driver.DriverWrapper.executeCommand(DriverWrapper.scala:561)
	at com.databricks.backend.daemon.driver.DriverWrapper.runInnerLoop(DriverWrapper.scala:431)
	at com.databricks.backend.daemon.driver.DriverWrapper.runInner(DriverWrapper.scala:374)
	at com.databricks.backend.daemon.driver.DriverWrapper.run(DriverWrapper.scala:225)
	at java.lang.Thread.run(Thread.java:748)
22/09/27 15:08:55 INFO ProgressReporter$: Removed result fetcher for 1386166807757509980_8995903683473764313_57628ba5e48745509fb55f31d0b2827f
22/09/27 15:09:00 INFO ProgressReporter$: Added result fetcher for 1619342073169445481_4936837606122376175_d35081eb67a04aa182caddb124ab1a03
22/09/27 15:09:00 INFO ProgressReporter$: Removed result fetcher for 1619342073169445481_4936837606122376175_d35081eb67a04aa182caddb124ab1a03
22/09/27 15:10:15 INFO ProgressReporter$: Added result fetcher for 1619342073169445481_7345001767064135183_3607a8c3228d4d73974f3966d1c7175a
22/09/27 15:10:16 INFO ProgressReporter$: Removed result fetcher for 1619342073169445481_7345001767064135183_3607a8c3228d4d73974f3966d1c7175a
22/09/27 15:10:22 INFO ProgressReporter$: Added result fetcher for 1619342073169445481_6911176467105770770_55b70c7b45294327927ccf81250dc9c2
22/09/27 15:10:22 INFO ProgressReporter$: Removed result fetcher for 1619342073169445481_6911176467105770770_55b70c7b45294327927ccf81250dc9c2
22/09/27 15:10:24 INFO ProgressReporter$: Added result fetcher for 1619342073169445481_6648442246226088987_4bd2fe4c27de468094b001eb66bddb82
22/09/27 15:10:24 INFO ProgressReporter$: Removed result fetcher for 1619342073169445481_6648442246226088987_4bd2fe4c27de468094b001eb66bddb82
22/09/27 15:11:03 INFO ProgressReporter$: Added result fetcher for 1619342073169445481_8174124204204965798_b5420cad8e3747959639c3bdb58e5b09
22/09/27 15:11:04 INFO ProgressReporter$: Removed result fetcher for 1619342073169445481_8174124204204965798_b5420cad8e3747959639c3bdb58e5b09
22/09/27 15:11:39 INFO ProgressReporter$: Added result fetcher for 1619342073169445481_7969142339929805726_2a126103c39543c4a631ce9565ee4eb1
22/09/27 15:11:40 INFO ProgressReporter$: Removed result fetcher for 1619342073169445481_7969142339929805726_2a126103c39543c4a631ce9565ee4eb1
22/09/27 15:13:31 INFO ProgressReporter$: Added result fetcher for 1619342073169445481_4890739171300470580_c0c05f552dae4d348c44c089a39b07d4
22/09/27 15:13:31 INFO ProgressReporter$: Removed result fetcher for 1619342073169445481_4890739171300470580_c0c05f552dae4d348c44c089a39b07d4
22/09/27 15:13:45 INFO ProgressReporter$: Added result fetcher for 1619342073169445481_7947488643813050022_d54b8ed7999c470a9035a39e519c6763
22/09/27 15:13:45 INFO ProgressReporter$: Removed result fetcher for 1619342073169445481_7947488643813050022_d54b8ed7999c470a9035a39e519c6763
22/09/27 15:13:48 INFO DriverCorral: DBFS health check ok
22/09/27 15:13:48 INFO HiveMetaStore: 2: get_database: default
22/09/27 15:13:48 INFO audit: ugi=root	ip=unknown-ip-addr	cmd=get_database: default	
22/09/27 15:13:48 INFO DriverCorral: Metastore health check ok
22/09/27 15:13:56 INFO ProgressReporter$: Added result fetcher for 1619342073169445481_7800897596374705325_a3d6244e167f4fcb959b84efe8ced474
22/09/27 15:13:56 INFO ProgressReporter$: Removed result fetcher for 1619342073169445481_7800897596374705325_a3d6244e167f4fcb959b84efe8ced474
22/09/27 15:16:40 INFO ProgressReporter$: Added result fetcher for 1619342073169445481_6005271745776245419_d735c894af3841a7a98bd3a45c8e13e3
22/09/27 15:16:40 INFO ProgressReporter$: Removed result fetcher for 1619342073169445481_6005271745776245419_d735c894af3841a7a98bd3a45c8e13e3
22/09/27 15:17:20 INFO ProgressReporter$: Added result fetcher for 1619342073169445481_5387710004981545125_0dbcdaef684c41718d86edc38c08c761
22/09/27 15:17:20 INFO ProgressReporter$: Removed result fetcher for 1619342073169445481_5387710004981545125_0dbcdaef684c41718d86edc38c08c761
22/09/27 15:18:48 INFO HiveMetaStore: 2: get_database: default
22/09/27 15:18:48 INFO audit: ugi=root	ip=unknown-ip-addr	cmd=get_database: default	
22/09/27 15:18:48 INFO DriverCorral: Metastore health check ok
22/09/27 15:18:48 INFO DriverCorral: DBFS health check ok
22/09/27 15:19:48 INFO ProgressReporter$: Added result fetcher for 1619342073169445481_6738368177701212078_66a2e48b75404882802d1589bd2b7a94
22/09/27 15:19:49 INFO ProgressReporter$: Removed result fetcher for 1619342073169445481_6738368177701212078_66a2e48b75404882802d1589bd2b7a94
22/09/27 15:20:15 WARN SQLConf: The SQL config 'spark.sql.hive.convertCTAS' has been deprecated in Spark v3.1 and may be removed in the future. Set 'spark.sql.legacy.createHiveTableByDefault' to false instead.
22/09/27 15:20:15 WARN SQLConf: The SQL config 'spark.sql.hive.convertCTAS' has been deprecated in Spark v3.1 and may be removed in the future. Set 'spark.sql.legacy.createHiveTableByDefault' to false instead.
22/09/27 15:20:15 INFO DriverCorral: Starting python repl ReplId-47d40-33b2b-cc3fe-f
22/09/27 15:20:15 INFO JupyterDriverLocal: Starting gateway server for repl ReplId-47d40-33b2b-cc3fe-f
22/09/27 15:20:15 INFO PythonPy4JUtil: Using default multithreaded mode in Py4J
22/09/27 15:20:16 INFO IpykernelUtils$: Python process builder: [/databricks/spark/python/pyspark/wrapped_python.py, root, /databricks/python/bin/python, /databricks/python_shell/scripts/db_ipykernel_launcher.py, -f, /tmp/ipykernel-connection-ReplId-47d40-33b2b-cc3fe-f.json]
22/09/27 15:20:17 INFO ProgressReporter$: Added result fetcher for 6466316087552881366_5115637820012566319_27059a1f-5cb5-473a-90ff-a36fc79e46bf
22/09/27 15:20:18 WARN SimpleFunctionRegistry: The function getargument replaced a previously registered function.
22/09/27 15:20:18 INFO ClusterLoadMonitor: Added query with execution ID:97. Current active queries:1
22/09/27 15:20:18 INFO HiveMetaStore: 0: get_databases: *
22/09/27 15:20:18 INFO audit: ugi=root	ip=unknown-ip-addr	cmd=get_databases: *	
22/09/27 15:20:18 INFO DBCEventLoggingListener: Rolling event log; numTimesRolledOver = 3
22/09/27 15:20:18 INFO DBCEventLoggingListener: Rolled active log file /databricks/driver/eventlogs/4888391838058116525/eventlog to /databricks/driver/eventlogs/4888391838058116525/eventlog-2022-09-27--15-00
22/09/27 15:20:18 INFO DBCEventLoggingListener: Logging events to eventlogs/4888391838058116525/eventlog
22/09/27 15:20:18 INFO DBCEventLoggingListener: Compressed rolled file /databricks/driver/eventlogs/4888391838058116525/eventlog-2022-09-27--15-00 to /databricks/driver/eventlogs/4888391838058116525/eventlog-2022-09-27--15-00.gz
22/09/27 15:20:18 INFO CodeGenerator: Code generated in 88.882926 ms
22/09/27 15:20:18 INFO ClusterLoadMonitor: Removed query with execution ID:97. Current active queries:0
22/09/27 15:20:18 INFO ClusterLoadMonitor: Added query with execution ID:98. Current active queries:1
22/09/27 15:20:18 INFO CodeGenerator: Code generated in 8.830763 ms
22/09/27 15:20:18 INFO ClusterLoadMonitor: Removed query with execution ID:98. Current active queries:0
22/09/27 15:20:18 INFO CodeGenerator: Code generated in 28.139988 ms
22/09/27 15:20:18 INFO ProgressReporter$: Removed result fetcher for 6466316087552881366_5115637820012566319_27059a1f-5cb5-473a-90ff-a36fc79e46bf
22/09/27 15:20:18 INFO ProgressReporter$: Added result fetcher for 6466316087552881366_8171753625914403158_0c598fad-218e-4d1f-abaa-a0d76cfcac14
22/09/27 15:20:18 WARN SimpleFunctionRegistry: The function getargument replaced a previously registered function.
22/09/27 15:20:18 INFO ClusterLoadMonitor: Added query with execution ID:99. Current active queries:1
22/09/27 15:20:18 INFO HiveMetaStore: 0: get_database: default
22/09/27 15:20:18 INFO audit: ugi=root	ip=unknown-ip-addr	cmd=get_database: default	
22/09/27 15:20:18 INFO HiveMetaStore: 0: get_database: default
22/09/27 15:20:18 INFO audit: ugi=root	ip=unknown-ip-addr	cmd=get_database: default	
22/09/27 15:20:18 INFO HiveMetaStore: 0: get_tables: db=default pat=*
22/09/27 15:20:18 INFO audit: ugi=root	ip=unknown-ip-addr	cmd=get_tables: db=default pat=*	
22/09/27 15:20:18 INFO CodeGenerator: Code generated in 72.300623 ms
22/09/27 15:20:18 INFO ClusterLoadMonitor: Removed query with execution ID:99. Current active queries:0
22/09/27 15:20:18 INFO ClusterLoadMonitor: Added query with execution ID:100. Current active queries:1
22/09/27 15:20:18 INFO CodeGenerator: Code generated in 7.681925 ms
22/09/27 15:20:18 INFO ClusterLoadMonitor: Removed query with execution ID:100. Current active queries:0
22/09/27 15:20:18 INFO CodeGenerator: Code generated in 30.17146 ms
22/09/27 15:20:18 INFO ProgressReporter$: Removed result fetcher for 6466316087552881366_8171753625914403158_0c598fad-218e-4d1f-abaa-a0d76cfcac14
22/09/27 15:20:19 INFO PythonDriverWrapper: setupRepl:ReplId-47d40-33b2b-cc3fe-f: finished to load
22/09/27 15:20:19 INFO ProgressReporter$: Added result fetcher for 5175765424428302319_8650238289321263722_e424b38f-2998-4032-9b12-ec6d0381a699
22/09/27 15:20:19 INFO ProgressReporter$: Removed result fetcher for 5175765424428302319_8650238289321263722_e424b38f-2998-4032-9b12-ec6d0381a699
22/09/27 15:20:36 INFO ProgressReporter$: Added result fetcher for 1619342073169445481_7519624538032287684_2b8466e02910468f86fa9ccc4ef1fe7d
22/09/27 15:20:36 INFO ProgressReporter$: Removed result fetcher for 1619342073169445481_7519624538032287684_2b8466e02910468f86fa9ccc4ef1fe7d
22/09/27 15:22:11 INFO ProgressReporter$: Added result fetcher for 1619342073169445481_8701058314475866670_9fec312c9f6b47d3a44bfaabb4acbd7e
22/09/27 15:22:11 INFO ProgressReporter$: Removed result fetcher for 1619342073169445481_8701058314475866670_9fec312c9f6b47d3a44bfaabb4acbd7e
22/09/27 15:22:48 INFO ProgressReporter$: Added result fetcher for 1619342073169445481_7572652015831668517_f3fa6156f5ae404a96f579ad79cdb78a
22/09/27 15:22:49 INFO ProgressReporter$: Removed result fetcher for 1619342073169445481_7572652015831668517_f3fa6156f5ae404a96f579ad79cdb78a
22/09/27 15:23:43 INFO ProgressReporter$: Added result fetcher for 1619342073169445481_7738978849844202880_92b228eeb50e400b8589c04958b656f9
22/09/27 15:23:44 INFO ProgressReporter$: Removed result fetcher for 1619342073169445481_7738978849844202880_92b228eeb50e400b8589c04958b656f9
22/09/27 15:23:48 INFO DriverCorral: DBFS health check ok
22/09/27 15:23:48 INFO HiveMetaStore: 2: get_database: default
22/09/27 15:23:48 INFO audit: ugi=root	ip=unknown-ip-addr	cmd=get_database: default	
22/09/27 15:23:48 INFO DriverCorral: Metastore health check ok
22/09/27 15:23:55 INFO ProgressReporter$: Added result fetcher for 1619342073169445481_5967617851378042397_56e371ee2d2542cd86edc8667a4e654d
22/09/27 15:23:55 INFO ProgressReporter$: Removed result fetcher for 1619342073169445481_5967617851378042397_56e371ee2d2542cd86edc8667a4e654d
22/09/27 15:25:31 INFO ProgressReporter$: Added result fetcher for 1619342073169445481_6647581548282827105_b64e30cf60a8470eab6cdfa69a52db6c
22/09/27 15:25:31 INFO ProgressReporter$: Removed result fetcher for 1619342073169445481_6647581548282827105_b64e30cf60a8470eab6cdfa69a52db6c
22/09/27 15:25:41 INFO ProgressReporter$: Added result fetcher for 1619342073169445481_7095635032890744435_959ebdf4b20c4740b6a2241c8e38f546
22/09/27 15:25:41 INFO ProgressReporter$: Removed result fetcher for 1619342073169445481_7095635032890744435_959ebdf4b20c4740b6a2241c8e38f546
22/09/27 15:25:52 INFO ProgressReporter$: Added result fetcher for 1619342073169445481_7580027164105238378_1e23d60b1cb84f009ca28ce5437cf091
22/09/27 15:25:52 INFO ProgressReporter$: Removed result fetcher for 1619342073169445481_7580027164105238378_1e23d60b1cb84f009ca28ce5437cf091
22/09/27 15:26:34 INFO ProgressReporter$: Added result fetcher for 1619342073169445481_5472614191444891990_a3cb5f666bd94b56bc3ab7f1666483c9
22/09/27 15:26:34 INFO ProgressReporter$: Removed result fetcher for 1619342073169445481_5472614191444891990_a3cb5f666bd94b56bc3ab7f1666483c9
22/09/27 15:27:02 INFO ProgressReporter$: Added result fetcher for 5175765424428302319_6003786585233199269_b6f01646-b1e8-4e67-b006-4007fc5f8a46
22/09/27 15:27:02 INFO ProgressReporter$: Removed result fetcher for 5175765424428302319_6003786585233199269_b6f01646-b1e8-4e67-b006-4007fc5f8a46
22/09/27 15:27:05 INFO ProgressReporter$: Added result fetcher for 6466316087552881366_6131379304879395578_70836fdb-4085-4976-8aa6-38b8a551f972
22/09/27 15:27:05 WARN SimpleFunctionRegistry: The function getargument replaced a previously registered function.
22/09/27 15:27:05 INFO ClusterLoadMonitor: Added query with execution ID:101. Current active queries:1
22/09/27 15:27:05 INFO HiveMetaStore: 0: get_databases: *
22/09/27 15:27:05 INFO audit: ugi=root	ip=unknown-ip-addr	cmd=get_databases: *	
22/09/27 15:27:05 INFO ClusterLoadMonitor: Removed query with execution ID:101. Current active queries:0
22/09/27 15:27:05 INFO ClusterLoadMonitor: Added query with execution ID:102. Current active queries:1
22/09/27 15:27:05 INFO ClusterLoadMonitor: Removed query with execution ID:102. Current active queries:0
22/09/27 15:27:05 INFO ProgressReporter$: Removed result fetcher for 6466316087552881366_6131379304879395578_70836fdb-4085-4976-8aa6-38b8a551f972
22/09/27 15:27:05 INFO ProgressReporter$: Added result fetcher for 6466316087552881366_4834221513025860108_aec5c1a6-7c61-4a93-9b63-a7357e405b29
22/09/27 15:27:05 WARN SimpleFunctionRegistry: The function getargument replaced a previously registered function.
22/09/27 15:27:05 INFO ClusterLoadMonitor: Added query with execution ID:103. Current active queries:1
22/09/27 15:27:05 INFO HiveMetaStore: 0: get_database: default
22/09/27 15:27:05 INFO audit: ugi=root	ip=unknown-ip-addr	cmd=get_database: default	
22/09/27 15:27:05 INFO HiveMetaStore: 0: get_database: default
22/09/27 15:27:05 INFO audit: ugi=root	ip=unknown-ip-addr	cmd=get_database: default	
22/09/27 15:27:05 INFO HiveMetaStore: 0: get_tables: db=default pat=*
22/09/27 15:27:05 INFO audit: ugi=root	ip=unknown-ip-addr	cmd=get_tables: db=default pat=*	
22/09/27 15:27:05 INFO ClusterLoadMonitor: Removed query with execution ID:103. Current active queries:0
22/09/27 15:27:05 INFO ClusterLoadMonitor: Added query with execution ID:104. Current active queries:1
22/09/27 15:27:05 INFO ClusterLoadMonitor: Removed query with execution ID:104. Current active queries:0
22/09/27 15:27:05 INFO ProgressReporter$: Removed result fetcher for 6466316087552881366_4834221513025860108_aec5c1a6-7c61-4a93-9b63-a7357e405b29
22/09/27 15:27:31 INFO ProgressReporter$: Added result fetcher for 1619342073169445481_6757233931003169073_e525b11411f04a689e3932f302abd62e
22/09/27 15:27:32 INFO ProgressReporter$: Removed result fetcher for 1619342073169445481_6757233931003169073_e525b11411f04a689e3932f302abd62e
22/09/27 15:27:50 INFO ProgressReporter$: Added result fetcher for 1619342073169445481_5498148185431908228_f68f0acd51a44f7ca4c2df6286b71adc
22/09/27 15:27:50 INFO ProgressReporter$: Removed result fetcher for 1619342073169445481_5498148185431908228_f68f0acd51a44f7ca4c2df6286b71adc
22/09/27 15:28:03 INFO ProgressReporter$: Added result fetcher for 1619342073169445481_8615559285362478853_995662ac27394e30a16b34233999700e
22/09/27 15:28:03 INFO ProgressReporter$: Removed result fetcher for 1619342073169445481_8615559285362478853_995662ac27394e30a16b34233999700e
22/09/27 15:28:48 INFO DriverCorral: DBFS health check ok
22/09/27 15:28:48 INFO HiveMetaStore: 2: get_database: default
22/09/27 15:28:48 INFO audit: ugi=root	ip=unknown-ip-addr	cmd=get_database: default	
22/09/27 15:28:48 INFO DriverCorral: Metastore health check ok
22/09/27 15:33:48 INFO DriverCorral: DBFS health check ok
22/09/27 15:33:48 INFO HiveMetaStore: 2: get_database: default
22/09/27 15:33:48 INFO audit: ugi=root	ip=unknown-ip-addr	cmd=get_database: default	
22/09/27 15:33:48 INFO DriverCorral: Metastore health check ok
22/09/27 15:38:48 INFO DriverCorral: DBFS health check ok
22/09/27 15:38:48 INFO HiveMetaStore: 2: get_database: default
22/09/27 15:38:48 INFO audit: ugi=root	ip=unknown-ip-addr	cmd=get_database: default	
22/09/27 15:38:48 INFO DriverCorral: Metastore health check ok
22/09/27 15:38:49 INFO ProgressReporter$: Added result fetcher for 1619342073169445481_8403418234727230400_f6f6ecf883a1485b98f3a2eb137428ef
22/09/27 15:38:50 INFO ProgressReporter$: Removed result fetcher for 1619342073169445481_8403418234727230400_f6f6ecf883a1485b98f3a2eb137428ef
22/09/27 15:39:22 INFO ProgressReporter$: Added result fetcher for 1619342073169445481_5492235084075790646_c62bdb7532574114a7f5ae1f132542af
22/09/27 15:39:23 INFO ProgressReporter$: Removed result fetcher for 1619342073169445481_5492235084075790646_c62bdb7532574114a7f5ae1f132542af
22/09/27 15:39:26 INFO ProgressReporter$: Added result fetcher for 1619342073169445481_5086044126534518020_d8537207ed26432aaa66c35818f5802b
22/09/27 15:39:26 INFO ProgressReporter$: Removed result fetcher for 1619342073169445481_5086044126534518020_d8537207ed26432aaa66c35818f5802b
22/09/27 15:40:57 INFO ProgressReporter$: Added result fetcher for 1619342073169445481_8189229888404963274_d8e6ff62a3e9440581cf310b8bd5308c
22/09/27 15:40:58 INFO ProgressReporter$: Removed result fetcher for 1619342073169445481_8189229888404963274_d8e6ff62a3e9440581cf310b8bd5308c
22/09/27 15:41:16 INFO ProgressReporter$: Added result fetcher for 1619342073169445481_9160820105544415670_e0edcba9fff242228c40e54eb36db4d4
22/09/27 15:41:16 INFO ProgressReporter$: Removed result fetcher for 1619342073169445481_9160820105544415670_e0edcba9fff242228c40e54eb36db4d4
22/09/27 15:42:25 INFO ProgressReporter$: Added result fetcher for 1619342073169445481_5125777555979494217_d950b5f44dfe4b429bca9c449ef650c8
22/09/27 15:42:25 INFO ProgressReporter$: Removed result fetcher for 1619342073169445481_5125777555979494217_d950b5f44dfe4b429bca9c449ef650c8
22/09/27 15:42:46 INFO ProgressReporter$: Added result fetcher for 1619342073169445481_9201516016649242646_3e94575484134e41887fe1f4f65bb5f6
22/09/27 15:42:46 INFO ProgressReporter$: Removed result fetcher for 1619342073169445481_9201516016649242646_3e94575484134e41887fe1f4f65bb5f6
22/09/27 15:43:48 INFO HiveMetaStore: 2: get_database: default
22/09/27 15:43:48 INFO audit: ugi=root	ip=unknown-ip-addr	cmd=get_database: default	
22/09/27 15:43:48 INFO DriverCorral: DBFS health check ok
22/09/27 15:43:48 INFO DriverCorral: Metastore health check ok
22/09/27 15:44:32 INFO ProgressReporter$: Added result fetcher for 1619342073169445481_8902530796730898164_4b2f26ac78184031846bfe9cf66b9c9e
22/09/27 15:44:33 INFO ProgressReporter$: Removed result fetcher for 1619342073169445481_8902530796730898164_4b2f26ac78184031846bfe9cf66b9c9e
22/09/27 15:45:06 INFO ProgressReporter$: Added result fetcher for 1619342073169445481_5814297685197618851_3a8c594cf146480fae43ca691d1ea9c8
22/09/27 15:45:07 INFO ProgressReporter$: Removed result fetcher for 1619342073169445481_5814297685197618851_3a8c594cf146480fae43ca691d1ea9c8
22/09/27 15:46:11 INFO ProgressReporter$: Added result fetcher for 1619342073169445481_8080149399862399246_60cd3a3b0f3f44339928348d663c7302
22/09/27 15:46:12 INFO ProgressReporter$: Removed result fetcher for 1619342073169445481_8080149399862399246_60cd3a3b0f3f44339928348d663c7302
22/09/27 15:46:26 INFO ProgressReporter$: Added result fetcher for 1619342073169445481_7278463858429295184_b003beb2bb5a498a95fead6ecbb90999
22/09/27 15:46:27 INFO ProgressReporter$: Removed result fetcher for 1619342073169445481_7278463858429295184_b003beb2bb5a498a95fead6ecbb90999
22/09/27 15:47:16 INFO ProgressReporter$: Added result fetcher for 1619342073169445481_5256757256666645739_ae8618081a5d4a84932beb29549c0534
22/09/27 15:47:16 INFO ProgressReporter$: Removed result fetcher for 1619342073169445481_5256757256666645739_ae8618081a5d4a84932beb29549c0534
22/09/27 15:47:21 INFO ProgressReporter$: Added result fetcher for 1619342073169445481_6507126866926629415_654e6929b9dd4dacb97d41717f233f74
22/09/27 15:47:22 INFO ProgressReporter$: Removed result fetcher for 1619342073169445481_6507126866926629415_654e6929b9dd4dacb97d41717f233f74
22/09/27 15:47:29 INFO ProgressReporter$: Added result fetcher for 1619342073169445481_5220221274694173675_24a8809d1fa749f2b594711a1caa1d47
22/09/27 15:47:30 INFO ProgressReporter$: Removed result fetcher for 1619342073169445481_5220221274694173675_24a8809d1fa749f2b594711a1caa1d47
22/09/27 15:47:45 INFO ProgressReporter$: Added result fetcher for 1619342073169445481_8354140137975004574_67038c10c2a241a6b1f14a9976d7618c
22/09/27 15:47:48 INFO ProgressReporter$: Removed result fetcher for 1619342073169445481_8354140137975004574_67038c10c2a241a6b1f14a9976d7618c
22/09/27 15:48:48 INFO DriverCorral: DBFS health check ok
22/09/27 15:48:48 INFO HiveMetaStore: 2: get_database: default
22/09/27 15:48:48 INFO audit: ugi=root	ip=unknown-ip-addr	cmd=get_database: default	
22/09/27 15:48:48 INFO DriverCorral: Metastore health check ok
22/09/27 15:53:48 INFO DriverCorral: DBFS health check ok
22/09/27 15:53:48 INFO HiveMetaStore: 2: get_database: default
22/09/27 15:53:48 INFO audit: ugi=root	ip=unknown-ip-addr	cmd=get_database: default	
22/09/27 15:53:48 INFO DriverCorral: Metastore health check ok
22/09/27 15:56:10 INFO ProgressReporter$: Added result fetcher for 1619342073169445481_6671999660578727648_3f95408656fd4b918786319a581e94e7
22/09/27 15:56:10 INFO ProgressReporter$: Removed result fetcher for 1619342073169445481_6671999660578727648_3f95408656fd4b918786319a581e94e7
22/09/27 15:56:17 INFO ProgressReporter$: Added result fetcher for 1619342073169445481_7786581166993215898_dcd20b22c8a942ea934ab065dbbca84f
